d:\dev\temp_project\univer_labs\csbp\cppcodeanalyzer\x64\debug\cppcodeanalyzer.exe
d:\dev\temp_project\univer_labs\csbp\cppcodeanalyzer\x64\debug\cppcodeanalyzer.pdb
d:\dev\temp_project\univer_labs\csbp\cppcodeanalyzer\cppcodeanalyzer\x64\debug\vc143.pdb
d:\dev\temp_project\univer_labs\csbp\cppcodeanalyzer\cppcodeanalyzer\x64\debug\vc143.idb
d:\dev\temp_project\univer_labs\csbp\cppcodeanalyzer\cppcodeanalyzer\x64\debug\parsercode.obj
d:\dev\temp_project\univer_labs\csbp\cppcodeanalyzer\cppcodeanalyzer\x64\debug\cppcodeanalyzer.obj
d:\dev\temp_project\univer_labs\csbp\cppcodeanalyzer\cppcodeanalyzer\x64\debug\parsercode.h.ifc.d.json
d:\dev\temp_project\univer_labs\csbp\cppcodeanalyzer\cppcodeanalyzer\x64\debug\parsercode.h.module.json
d:\dev\temp_project\univer_labs\csbp\cppcodeanalyzer\cppcodeanalyzer\x64\debug\cppcodeanalyzer.ilk
d:\dev\temp_project\univer_labs\csbp\cppcodeanalyzer\cppcodeanalyzer\x64\debug\parsercode.h.obj
d:\dev\temp_project\univer_labs\csbp\cppcodeanalyzer\cppcodeanalyzer\x64\debug\cppcodeanalyzer.tlog\cl.command.1.tlog
d:\dev\temp_project\univer_labs\csbp\cppcodeanalyzer\cppcodeanalyzer\x64\debug\cppcodeanalyzer.tlog\cl.items.tlog
d:\dev\temp_project\univer_labs\csbp\cppcodeanalyzer\cppcodeanalyzer\x64\debug\cppcodeanalyzer.tlog\link.command.1.tlog
d:\dev\temp_project\univer_labs\csbp\cppcodeanalyzer\cppcodeanalyzer\x64\debug\cppcodeanalyzer.tlog\link.read.1.tlog
d:\dev\temp_project\univer_labs\csbp\cppcodeanalyzer\cppcodeanalyzer\x64\debug\cppcodeanalyzer.tlog\link.secondary.1.tlog
d:\dev\temp_project\univer_labs\csbp\cppcodeanalyzer\cppcodeanalyzer\x64\debug\cppcodeanalyzer.tlog\link.write.1.tlog
d:\dev\temp_project\univer_labs\csbp\cppcodeanalyzer\cppcodeanalyzer\x64\debug\cppcodeanalyzer.tlog\microsoft.build.cpptasks.cl.read.1.tlog
d:\dev\temp_project\univer_labs\csbp\cppcodeanalyzer\cppcodeanalyzer\x64\debug\cppcodeanalyzer.tlog\microsoft.build.cpptasks.cl.write.1.tlog
d:\dev\temp_project\univer_labs\csbp\cppcodeanalyzer\cppcodeanalyzer\x64\debug\cppcodeanalyzer_md.tlog\cl.command.1.tlog
d:\dev\temp_project\univer_labs\csbp\cppcodeanalyzer\cppcodeanalyzer\x64\debug\cppcodeanalyzer_md.tlog\microsoft.build.cpptasks.cl.read.1.tlog
d:\dev\temp_project\univer_labs\csbp\cppcodeanalyzer\cppcodeanalyzer\x64\debug\cppcodeanalyzer_md.tlog\microsoft.build.cpptasks.cl.write.1.tlog
